2015-05-19 18:32:38 Notice: Notice (8): Trying to get property of non-object in [/Applications/MAMP/htdocs/Portfolio_CMS/src/Template/Users/admin.ctp, line 3]
Trace:
Cake\Error\BaseErrorHandler::handleError() - CORE/src/Error/BaseErrorHandler.php, line 138
include - APP/Template/Users/admin.ctp, line 3
Cake\View\View::_evaluate() - CORE/src/View/View.php, line 815
Cake\View\View::_render() - CORE/src/View/View.php, line 775
Cake\View\View::render() - CORE/src/View/View.php, line 463
Cake\Controller\Controller::render() - CORE/src/Controller/Controller.php, line 576
Cake\Routing\Dispatcher::_invoke() - CORE/src/Routing/Dispatcher.php, line 120
Cake\Routing\Dispatcher::dispatch() - CORE/src/Routing/Dispatcher.php, line 87
[main] - ROOT/webroot/index.php, line 37



2015-05-19 18:32:52 Notice: Notice (8): Trying to get property of non-object in [/Applications/MAMP/htdocs/Portfolio_CMS/src/Template/Users/admin.ctp, line 3]
Trace:
Cake\Error\BaseErrorHandler::handleError() - CORE/src/Error/BaseErrorHandler.php, line 138
include - APP/Template/Users/admin.ctp, line 3
Cake\View\View::_evaluate() - CORE/src/View/View.php, line 815
Cake\View\View::_render() - CORE/src/View/View.php, line 775
Cake\View\View::render() - CORE/src/View/View.php, line 463
Cake\Controller\Controller::render() - CORE/src/Controller/Controller.php, line 576
Cake\Routing\Dispatcher::_invoke() - CORE/src/Routing/Dispatcher.php, line 120
Cake\Routing\Dispatcher::dispatch() - CORE/src/Routing/Dispatcher.php, line 87
[main] - ROOT/webroot/index.php, line 37



